Vivado Simulator 2019.2
Copyright 1986-1999, 2001-2019 Xilinx, Inc. All Rights Reserved.
Running: D:/Xilinx/Vivado/2019.2/bin/unwrapped/win64.o/xelab.exe -wto 2c1705aa0cf24a489f67db5f8449003b --incr --debug typical --relax --mt 2 -L xil_defaultlib -L secureip --snapshot cpu_testbench_behav xil_defaultlib.cpu_testbench -log elaborate.log 
Using 2 slave threads.
Starting static elaboration
Completed static elaboration
Starting simulation data flow analysis
Completed simulation data flow analysis
Time Resolution for simulation is 1ps
Compiling package std.standard
Compiling package std.textio
Compiling package ieee.std_logic_1164
Compiling package ieee.std_logic_arith
Compiling package ieee.std_logic_unsigned
Compiling architecture behavioral of entity xil_defaultlib.instr_fetch [instr_fetch_default]
Compiling architecture behavioral of entity xil_defaultlib.register_file [register_file_default]
Compiling architecture behavioral of entity xil_defaultlib.rotateUnit [rotateunit_default]
Compiling architecture behavioral of entity xil_defaultlib.ALU [alu_default]
Compiling architecture behavioral of entity xil_defaultlib.mem [mem_default]
Compiling architecture behavioral of entity xil_defaultlib.cpu [cpu_default]
Compiling architecture behavioral of entity xil_defaultlib.cpu_testbench
Built simulation snapshot cpu_testbench_behav
